<?xml version="1.0" encoding="UTF-8"?>
<coverage generated="1775728837">
  <project timestamp="1775728837" name="Clover Coverage">
    <package name="App\Enums">
      <file name="/var/www/app/Enums/DeviceType.php">
        <class name="App\Enums\DeviceType" namespace="App\Enums">
          <metrics complexity="0" methods="0" coveredmethods="0" conditionals="0" coveredconditionals="0" statements="0" coveredstatements="0" elements="0" coveredelements="0"/>
        </class>
        <metrics loc="12" ncloc="12" classes="0" methods="0" coveredmethods="0" conditionals="0" coveredconditionals="0" statements="0" coveredstatements="0" elements="0" coveredelements="0"/>
      </file>
      <file name="/var/www/app/Enums/StockReason.php">
        <class name="App\Enums\StockReason" namespace="App\Enums">
          <metrics complexity="0" methods="0" coveredmethods="0" conditionals="0" coveredconditionals="0" statements="0" coveredstatements="0" elements="0" coveredelements="0"/>
        </class>
        <metrics loc="23" ncloc="20" classes="0" methods="0" coveredmethods="0" conditionals="0" coveredconditionals="0" statements="0" coveredstatements="0" elements="0" coveredelements="0"/>
      </file>
      <file name="/var/www/app/Enums/TransactionType.php">
        <class name="App\Enums\TransactionType" namespace="App\Enums">
          <metrics complexity="0" methods="0" coveredmethods="0" conditionals="0" coveredconditionals="0" statements="0" coveredstatements="0" elements="0" coveredelements="0"/>
        </class>
        <metrics loc="13" ncloc="13" classes="0" methods="0" coveredmethods="0" conditionals="0" coveredconditionals="0" statements="0" coveredstatements="0" elements="0" coveredelements="0"/>
      </file>
      <file name="/var/www/app/Enums/UserRole.php">
        <class name="App\Enums\UserRole" namespace="App\Enums">
          <metrics complexity="0" methods="0" coveredmethods="0" conditionals="0" coveredconditionals="0" statements="0" coveredstatements="0" elements="0" coveredelements="0"/>
        </class>
        <metrics loc="12" ncloc="12" classes="0" methods="0" coveredmethods="0" conditionals="0" coveredconditionals="0" statements="0" coveredstatements="0" elements="0" coveredelements="0"/>
      </file>
    </package>
    <package name="App\Events">
      <file name="/var/www/app/Events/LowStockDetected.php">
        <class name="App\Events\LowStockDetected" namespace="App\Events">
          <metrics complexity="1" methods="1" coveredmethods="1" conditionals="0" coveredconditionals="0" statements="1" coveredstatements="1" elements="2" coveredelements="2"/>
        </class>
        <line num="15" type="method" name="__construct" visibility="public" complexity="1" crap="1" count="4"/>
        <metrics loc="17" ncloc="17" classes="1" methods="1" coveredmethods="1" conditionals="0" coveredconditionals="0" statements="1" coveredstatements="1" elements="2" coveredelements="2"/>
      </file>
      <file name="/var/www/app/Events/StockTransactionRecorded.php">
        <class name="App\Events\StockTransactionRecorded" namespace="App\Events">
          <metrics complexity="1" methods="1" coveredmethods="1" conditionals="0" coveredconditionals="0" statements="1" coveredstatements="1" elements="2" coveredelements="2"/>
        </class>
        <line num="15" type="method" name="__construct" visibility="public" complexity="1" crap="1" count="10"/>
        <metrics loc="17" ncloc="17" classes="1" methods="1" coveredmethods="1" conditionals="0" coveredconditionals="0" statements="1" coveredstatements="1" elements="2" coveredelements="2"/>
      </file>
    </package>
    <package name="App\Exceptions">
      <file name="/var/www/app/Exceptions/AppException.php">
        <class name="App\Exceptions\AppException" namespace="App\Exceptions">
          <metrics complexity="0" methods="0" coveredmethods="0" conditionals="0" coveredconditionals="0" statements="0" coveredstatements="0" elements="0" coveredelements="0"/>
        </class>
        <metrics loc="10" ncloc="10" classes="0" methods="0" coveredmethods="0" conditionals="0" coveredconditionals="0" statements="0" coveredstatements="0" elements="0" coveredelements="0"/>
      </file>
      <file name="/var/www/app/Exceptions/BusinessException.php">
        <class name="App\Exceptions\BusinessException" namespace="App\Exceptions">
          <metrics complexity="1" methods="1" coveredmethods="1" conditionals="0" coveredconditionals="0" statements="1" coveredstatements="1" elements="2" coveredelements="2"/>
        </class>
        <line num="11" type="method" name="__construct" visibility="public" complexity="1" crap="1" count="3"/>
        <line num="13" type="stmt" count="3"/>
        <metrics loc="16" ncloc="16" classes="1" methods="1" coveredmethods="1" conditionals="0" coveredconditionals="0" statements="1" coveredstatements="1" elements="2" coveredelements="2"/>
      </file>
      <file name="/var/www/app/Exceptions/NotFoundException.php">
        <class name="App\Exceptions\NotFoundException" namespace="App\Exceptions">
          <metrics complexity="1" methods="1" coveredmethods="1" conditionals="0" coveredconditionals="0" statements="1" coveredstatements="1" elements="2" coveredelements="2"/>
        </class>
        <line num="11" type="method" name="__construct" visibility="public" complexity="1" crap="1" count="9"/>
        <line num="13" type="stmt" count="9"/>
        <metrics loc="16" ncloc="16" classes="1" methods="1" coveredmethods="1" conditionals="0" coveredconditionals="0" statements="1" coveredstatements="1" elements="2" coveredelements="2"/>
      </file>
      <file name="/var/www/app/Exceptions/UnauthorizedException.php">
        <class name="App\Exceptions\UnauthorizedException" namespace="App\Exceptions">
          <metrics complexity="1" methods="1" coveredmethods="1" conditionals="0" coveredconditionals="0" statements="1" coveredstatements="1" elements="2" coveredelements="2"/>
        </class>
        <line num="11" type="method" name="__construct" visibility="public" complexity="1" crap="1" count="6"/>
        <line num="13" type="stmt" count="6"/>
        <metrics loc="16" ncloc="16" classes="1" methods="1" coveredmethods="1" conditionals="0" coveredconditionals="0" statements="1" coveredstatements="1" elements="2" coveredelements="2"/>
      </file>
    </package>
    <package name="App\Http\Controllers\Api">
      <file name="/var/www/app/Http/Controllers/Api/AuditLogController.php">
        <class name="App\Http\Controllers\Api\AuditLogController" namespace="App\Http\Controllers\Api">
          <metrics complexity="2" methods="2" coveredmethods="2" conditionals="0" coveredconditionals="0" statements="6" coveredstatements="6" elements="8" coveredelements="8"/>
        </class>
        <line num="16" type="method" name="__construct" visibility="public" complexity="1" crap="1" count="5"/>
        <line num="18" type="stmt" count="5"/>
        <line num="20" type="method" name="index" visibility="public" complexity="1" crap="1" count="4"/>
        <line num="49" type="stmt" count="4"/>
        <line num="50" type="stmt" count="4"/>
        <line num="51" type="stmt" count="4"/>
        <line num="52" type="stmt" count="4"/>
        <line num="54" type="stmt" count="4"/>
        <metrics loc="57" ncloc="57" classes="1" methods="2" coveredmethods="2" conditionals="0" coveredconditionals="0" statements="6" coveredstatements="6" elements="8" coveredelements="8"/>
      </file>
      <file name="/var/www/app/Http/Controllers/Api/AuthController.php">
        <class name="App\Http\Controllers\Api\AuthController" namespace="App\Http\Controllers\Api">
          <metrics complexity="5" methods="5" coveredmethods="5" conditionals="0" coveredconditionals="0" statements="23" coveredstatements="23" elements="28" coveredelements="28"/>
        </class>
        <line num="19" type="method" name="__construct" visibility="public" complexity="1" crap="1" count="8"/>
        <line num="21" type="method" name="register" visibility="public" complexity="1" crap="1" count="2"/>
        <line num="52" type="stmt" count="2"/>
        <line num="53" type="stmt" count="2"/>
        <line num="54" type="stmt" count="2"/>
        <line num="55" type="stmt" count="2"/>
        <line num="56" type="stmt" count="2"/>
        <line num="58" type="stmt" count="2"/>
        <line num="59" type="stmt" count="2"/>
        <line num="60" type="stmt" count="2"/>
        <line num="61" type="stmt" count="2"/>
        <line num="64" type="method" name="login" visibility="public" complexity="1" crap="1" count="2"/>
        <line num="93" type="stmt" count="2"/>
        <line num="94" type="stmt" count="2"/>
        <line num="95" type="stmt" count="2"/>
        <line num="96" type="stmt" count="2"/>
        <line num="98" type="stmt" count="1"/>
        <line num="99" type="stmt" count="1"/>
        <line num="100" type="stmt" count="1"/>
        <line num="101" type="stmt" count="1"/>
        <line num="104" type="method" name="logout" visibility="public" complexity="1" crap="1" count="1"/>
        <line num="117" type="stmt" count="1"/>
        <line num="119" type="stmt" count="1"/>
        <line num="122" type="method" name="me" visibility="public" complexity="1" crap="1" count="1"/>
        <line num="139" type="stmt" count="1"/>
        <line num="140" type="stmt" count="1"/>
        <line num="141" type="stmt" count="1"/>
        <metrics loc="144" ncloc="144" classes="1" methods="5" coveredmethods="5" conditionals="0" coveredconditionals="0" statements="23" coveredstatements="23" elements="28" coveredelements="28"/>
      </file>
      <file name="/var/www/app/Http/Controllers/Api/CategoryController.php">
        <class name="App\Http\Controllers\Api\CategoryController" namespace="App\Http\Controllers\Api">
          <metrics complexity="6" methods="6" coveredmethods="6" conditionals="0" coveredconditionals="0" statements="14" coveredstatements="14" elements="20" coveredelements="20"/>
        </class>
        <line num="20" type="method" name="__construct" visibility="public" complexity="1" crap="1" count="11"/>
        <line num="22" type="method" name="index" visibility="public" complexity="1" crap="1" count="3"/>
        <line num="49" type="stmt" count="3"/>
        <line num="50" type="stmt" count="3"/>
        <line num="52" type="stmt" count="3"/>
        <line num="55" type="method" name="store" visibility="public" complexity="1" crap="1" count="1"/>
        <line num="80" type="stmt" count="1"/>
        <line num="82" type="stmt" count="1"/>
        <line num="83" type="stmt" count="1"/>
        <line num="84" type="stmt" count="1"/>
        <line num="87" type="method" name="show" visibility="public" complexity="1" crap="1" count="2"/>
        <line num="102" type="stmt" count="2"/>
        <line num="104" type="stmt" count="1"/>
        <line num="107" type="method" name="update" visibility="public" complexity="1" crap="1" count="1"/>
        <line num="131" type="stmt" count="1"/>
        <line num="133" type="stmt" count="1"/>
        <line num="136" type="method" name="destroy" visibility="public" complexity="1" crap="1" count="2"/>
        <line num="151" type="stmt" count="2"/>
        <line num="153" type="stmt" count="1"/>
        <metrics loc="156" ncloc="156" classes="1" methods="6" coveredmethods="6" conditionals="0" coveredconditionals="0" statements="14" coveredstatements="14" elements="20" coveredelements="20"/>
      </file>
      <file name="/var/www/app/Http/Controllers/Api/DeviceWebhookController.php">
        <class name="App\Http\Controllers\Api\DeviceWebhookController" namespace="App\Http\Controllers\Api">
          <metrics complexity="2" methods="2" coveredmethods="2" conditionals="0" coveredconditionals="0" statements="5" coveredstatements="5" elements="7" coveredelements="7"/>
        </class>
        <line num="16" type="method" name="__construct" visibility="public" complexity="1" crap="1" count="5"/>
        <line num="18" type="stmt" count="5"/>
        <line num="20" type="method" name="__invoke" visibility="public" complexity="1" crap="1" count="3"/>
        <line num="57" type="stmt" count="3"/>
        <line num="59" type="stmt" count="3"/>
        <line num="60" type="stmt" count="3"/>
        <line num="61" type="stmt" count="3"/>
        <metrics loc="64" ncloc="64" classes="1" methods="2" coveredmethods="2" conditionals="0" coveredconditionals="0" statements="5" coveredstatements="5" elements="7" coveredelements="7"/>
      </file>
      <file name="/var/www/app/Http/Controllers/Api/ProductController.php">
        <class name="App\Http\Controllers\Api\ProductController" namespace="App\Http\Controllers\Api">
          <metrics complexity="7" methods="7" coveredmethods="7" conditionals="0" coveredconditionals="0" statements="13" coveredstatements="13" elements="20" coveredelements="20"/>
        </class>
        <line num="20" type="method" name="__construct" visibility="public" complexity="1" crap="1" count="15"/>
        <line num="22" type="method" name="index" visibility="public" complexity="1" crap="1" count="4"/>
        <line num="51" type="stmt" count="4"/>
        <line num="52" type="stmt" count="4"/>
        <line num="54" type="stmt" count="4"/>
        <line num="57" type="method" name="store" visibility="public" complexity="1" crap="1" count="2"/>
        <line num="87" type="stmt" count="2"/>
        <line num="89" type="stmt" count="2"/>
        <line num="90" type="stmt" count="2"/>
        <line num="91" type="stmt" count="2"/>
        <line num="94" type="method" name="show" visibility="public" complexity="1" crap="1" count="2"/>
        <line num="109" type="stmt" count="2"/>
        <line num="112" type="method" name="update" visibility="public" complexity="1" crap="1" count="2"/>
        <line num="141" type="stmt" count="2"/>
        <line num="144" type="method" name="destroy" visibility="public" complexity="1" crap="1" count="1"/>
        <line num="159" type="stmt" count="1"/>
        <line num="161" type="stmt" count="1"/>
        <line num="164" type="method" name="lowStock" visibility="public" complexity="1" crap="1" count="1"/>
        <line num="183" type="stmt" count="1"/>
        <metrics loc="186" ncloc="186" classes="1" methods="7" coveredmethods="7" conditionals="0" coveredconditionals="0" statements="13" coveredstatements="13" elements="20" coveredelements="20"/>
      </file>
      <file name="/var/www/app/Http/Controllers/Api/StockTransactionController.php">
        <class name="App\Http\Controllers\Api\StockTransactionController" namespace="App\Http\Controllers\Api">
          <metrics complexity="3" methods="3" coveredmethods="3" conditionals="0" coveredconditionals="0" statements="12" coveredstatements="12" elements="15" coveredelements="15"/>
        </class>
        <line num="19" type="method" name="__construct" visibility="public" complexity="1" crap="1" count="10"/>
        <line num="21" type="method" name="index" visibility="public" complexity="1" crap="1" count="2"/>
        <line num="48" type="stmt" count="2"/>
        <line num="50" type="stmt" count="2"/>
        <line num="51" type="stmt" count="2"/>
        <line num="52" type="stmt" count="2"/>
        <line num="55" type="method" name="store" visibility="public" complexity="1" crap="1" count="6"/>
        <line num="83" type="stmt" count="6"/>
        <line num="84" type="stmt" count="6"/>
        <line num="85" type="stmt" count="6"/>
        <line num="86" type="stmt" count="6"/>
        <line num="88" type="stmt" count="4"/>
        <line num="89" type="stmt" count="4"/>
        <line num="90" type="stmt" count="4"/>
        <metrics loc="93" ncloc="93" classes="1" methods="3" coveredmethods="3" conditionals="0" coveredconditionals="0" statements="12" coveredstatements="12" elements="15" coveredelements="15"/>
      </file>
    </package>
    <package name="App\Http\Controllers">
      <file name="/var/www/app/Http/Controllers/Controller.php">
        <class name="App\Http\Controllers\Controller" namespace="App\Http\Controllers">
          <metrics complexity="0" methods="0" coveredmethods="0" conditionals="0" coveredconditionals="0" statements="0" coveredstatements="0" elements="0" coveredelements="0"/>
        </class>
        <metrics loc="106" ncloc="105" classes="0" methods="0" coveredmethods="0" conditionals="0" coveredconditionals="0" statements="0" coveredstatements="0" elements="0" coveredelements="0"/>
      </file>
    </package>
    <package name="App\Http\Middleware">
      <file name="/var/www/app/Http/Middleware/VerifyDeviceSignature.php">
        <class name="App\Http\Middleware\VerifyDeviceSignature" namespace="App\Http\Middleware">
          <metrics complexity="3" methods="1" coveredmethods="1" conditionals="0" coveredconditionals="0" statements="8" coveredstatements="8" elements="9" coveredelements="9"/>
        </class>
        <line num="17" type="method" name="handle" visibility="public" complexity="3" crap="3" count="10"/>
        <line num="19" type="stmt" count="10"/>
        <line num="21" type="stmt" count="10"/>
        <line num="22" type="stmt" count="2"/>
        <line num="25" type="stmt" count="8"/>
        <line num="26" type="stmt" count="8"/>
        <line num="28" type="stmt" count="8"/>
        <line num="29" type="stmt" count="2"/>
        <line num="32" type="stmt" count="6"/>
        <metrics loc="35" ncloc="32" classes="1" methods="1" coveredmethods="1" conditionals="0" coveredconditionals="0" statements="8" coveredstatements="8" elements="9" coveredelements="9"/>
      </file>
    </package>
    <package name="App\Http\Requests\Auth">
      <file name="/var/www/app/Http/Requests/Auth/LoginRequest.php">
        <class name="App\Http\Requests\Auth\LoginRequest" namespace="App\Http\Requests\Auth">
          <metrics complexity="2" methods="2" coveredmethods="2" conditionals="0" coveredconditionals="0" statements="5" coveredstatements="5" elements="7" coveredelements="7"/>
        </class>
        <line num="11" type="method" name="authorize" visibility="public" complexity="1" crap="1" count="2"/>
        <line num="13" type="stmt" count="2"/>
        <line num="19" type="method" name="rules" visibility="public" complexity="1" crap="1" count="2"/>
        <line num="21" type="stmt" count="2"/>
        <line num="22" type="stmt" count="2"/>
        <line num="23" type="stmt" count="2"/>
        <line num="24" type="stmt" count="2"/>
        <metrics loc="27" ncloc="24" classes="1" methods="2" coveredmethods="2" conditionals="0" coveredconditionals="0" statements="5" coveredstatements="5" elements="7" coveredelements="7"/>
      </file>
      <file name="/var/www/app/Http/Requests/Auth/RegisterRequest.php">
        <class name="App\Http\Requests\Auth\RegisterRequest" namespace="App\Http\Requests\Auth">
          <metrics complexity="2" methods="2" coveredmethods="2" conditionals="0" coveredconditionals="0" statements="6" coveredstatements="6" elements="8" coveredelements="8"/>
        </class>
        <line num="11" type="method" name="authorize" visibility="public" complexity="1" crap="1" count="4"/>
        <line num="13" type="stmt" count="4"/>
        <line num="19" type="method" name="rules" visibility="public" complexity="1" crap="1" count="4"/>
        <line num="21" type="stmt" count="4"/>
        <line num="22" type="stmt" count="4"/>
        <line num="23" type="stmt" count="4"/>
        <line num="24" type="stmt" count="4"/>
        <line num="25" type="stmt" count="4"/>
        <metrics loc="28" ncloc="25" classes="1" methods="2" coveredmethods="2" conditionals="0" coveredconditionals="0" statements="6" coveredstatements="6" elements="8" coveredelements="8"/>
      </file>
    </package>
    <package name="App\Http\Requests\Category">
      <file name="/var/www/app/Http/Requests/Category/ListCategoryRequest.php">
        <class name="App\Http\Requests\Category\ListCategoryRequest" namespace="App\Http\Requests\Category">
          <metrics complexity="2" methods="2" coveredmethods="2" conditionals="0" coveredconditionals="0" statements="6" coveredstatements="6" elements="8" coveredelements="8"/>
        </class>
        <line num="11" type="method" name="authorize" visibility="public" complexity="1" crap="1" count="3"/>
        <line num="13" type="stmt" count="3"/>
        <line num="17" type="method" name="rules" visibility="public" complexity="1" crap="1" count="3"/>
        <line num="19" type="stmt" count="3"/>
        <line num="20" type="stmt" count="3"/>
        <line num="21" type="stmt" count="3"/>
        <line num="22" type="stmt" count="3"/>
        <line num="23" type="stmt" count="3"/>
        <metrics loc="26" ncloc="25" classes="1" methods="2" coveredmethods="2" conditionals="0" coveredconditionals="0" statements="6" coveredstatements="6" elements="8" coveredelements="8"/>
      </file>
      <file name="/var/www/app/Http/Requests/Category/StoreCategoryRequest.php">
        <class name="App\Http\Requests\Category\StoreCategoryRequest" namespace="App\Http\Requests\Category">
          <metrics complexity="2" methods="2" coveredmethods="2" conditionals="0" coveredconditionals="0" statements="6" coveredstatements="6" elements="8" coveredelements="8"/>
        </class>
        <line num="11" type="method" name="authorize" visibility="public" complexity="1" crap="1" count="3"/>
        <line num="13" type="stmt" count="3"/>
        <line num="19" type="method" name="rules" visibility="public" complexity="1" crap="1" count="3"/>
        <line num="21" type="stmt" count="3"/>
        <line num="22" type="stmt" count="3"/>
        <line num="23" type="stmt" count="3"/>
        <line num="24" type="stmt" count="3"/>
        <line num="25" type="stmt" count="3"/>
        <metrics loc="28" ncloc="25" classes="1" methods="2" coveredmethods="2" conditionals="0" coveredconditionals="0" statements="6" coveredstatements="6" elements="8" coveredelements="8"/>
      </file>
      <file name="/var/www/app/Http/Requests/Category/UpdateCategoryRequest.php">
        <class name="App\Http\Requests\Category\UpdateCategoryRequest" namespace="App\Http\Requests\Category">
          <metrics complexity="2" methods="2" coveredmethods="2" conditionals="0" coveredconditionals="0" statements="6" coveredstatements="6" elements="8" coveredelements="8"/>
        </class>
        <line num="11" type="method" name="authorize" visibility="public" complexity="1" crap="1" count="1"/>
        <line num="13" type="stmt" count="1"/>
        <line num="19" type="method" name="rules" visibility="public" complexity="1" crap="1" count="1"/>
        <line num="21" type="stmt" count="1"/>
        <line num="22" type="stmt" count="1"/>
        <line num="23" type="stmt" count="1"/>
        <line num="24" type="stmt" count="1"/>
        <line num="25" type="stmt" count="1"/>
        <metrics loc="28" ncloc="25" classes="1" methods="2" coveredmethods="2" conditionals="0" coveredconditionals="0" statements="6" coveredstatements="6" elements="8" coveredelements="8"/>
      </file>
    </package>
    <package name="App\Http\Requests">
      <file name="/var/www/app/Http/Requests/DeviceWebhookRequest.php">
        <class name="App\Http\Requests\DeviceWebhookRequest" namespace="App\Http\Requests">
          <metrics complexity="2" methods="2" coveredmethods="2" conditionals="0" coveredconditionals="0" statements="9" coveredstatements="9" elements="11" coveredelements="11"/>
        </class>
        <line num="14" type="method" name="authorize" visibility="public" complexity="1" crap="1" count="5"/>
        <line num="16" type="stmt" count="5"/>
        <line num="22" type="method" name="rules" visibility="public" complexity="1" crap="1" count="5"/>
        <line num="24" type="stmt" count="5"/>
        <line num="25" type="stmt" count="5"/>
        <line num="26" type="stmt" count="5"/>
        <line num="27" type="stmt" count="5"/>
        <line num="28" type="stmt" count="5"/>
        <line num="29" type="stmt" count="5"/>
        <line num="30" type="stmt" count="5"/>
        <line num="31" type="stmt" count="5"/>
        <metrics loc="34" ncloc="31" classes="1" methods="2" coveredmethods="2" conditionals="0" coveredconditionals="0" statements="9" coveredstatements="9" elements="11" coveredelements="11"/>
      </file>
      <file name="/var/www/app/Http/Requests/ListAuditLogRequest.php">
        <class name="App\Http\Requests\ListAuditLogRequest" namespace="App\Http\Requests">
          <metrics complexity="2" methods="2" coveredmethods="2" conditionals="0" coveredconditionals="0" statements="8" coveredstatements="8" elements="10" coveredelements="10"/>
        </class>
        <line num="12" type="method" name="authorize" visibility="public" complexity="1" crap="1" count="5"/>
        <line num="14" type="stmt" count="5"/>
        <line num="20" type="method" name="rules" visibility="public" complexity="1" crap="1" count="4"/>
        <line num="22" type="stmt" count="4"/>
        <line num="23" type="stmt" count="4"/>
        <line num="24" type="stmt" count="4"/>
        <line num="25" type="stmt" count="4"/>
        <line num="26" type="stmt" count="4"/>
        <line num="27" type="stmt" count="4"/>
        <line num="28" type="stmt" count="4"/>
        <metrics loc="31" ncloc="28" classes="1" methods="2" coveredmethods="2" conditionals="0" coveredconditionals="0" statements="8" coveredstatements="8" elements="10" coveredelements="10"/>
      </file>
    </package>
    <package name="App\Http\Requests\Product">
      <file name="/var/www/app/Http/Requests/Product/ListProductRequest.php">
        <class name="App\Http\Requests\Product\ListProductRequest" namespace="App\Http\Requests\Product">
          <metrics complexity="2" methods="2" coveredmethods="2" conditionals="0" coveredconditionals="0" statements="7" coveredstatements="7" elements="9" coveredelements="9"/>
        </class>
        <line num="11" type="method" name="authorize" visibility="public" complexity="1" crap="1" count="5"/>
        <line num="13" type="stmt" count="5"/>
        <line num="17" type="method" name="rules" visibility="public" complexity="1" crap="1" count="5"/>
        <line num="19" type="stmt" count="5"/>
        <line num="20" type="stmt" count="5"/>
        <line num="21" type="stmt" count="5"/>
        <line num="22" type="stmt" count="5"/>
        <line num="23" type="stmt" count="5"/>
        <line num="24" type="stmt" count="5"/>
        <metrics loc="27" ncloc="26" classes="1" methods="2" coveredmethods="2" conditionals="0" coveredconditionals="0" statements="7" coveredstatements="7" elements="9" coveredelements="9"/>
      </file>
      <file name="/var/www/app/Http/Requests/Product/StoreProductRequest.php">
        <class name="App\Http\Requests\Product\StoreProductRequest" namespace="App\Http\Requests\Product">
          <metrics complexity="2" methods="2" coveredmethods="2" conditionals="0" coveredconditionals="0" statements="11" coveredstatements="11" elements="13" coveredelements="13"/>
        </class>
        <line num="11" type="method" name="authorize" visibility="public" complexity="1" crap="1" count="4"/>
        <line num="13" type="stmt" count="4"/>
        <line num="19" type="method" name="rules" visibility="public" complexity="1" crap="1" count="4"/>
        <line num="21" type="stmt" count="4"/>
        <line num="22" type="stmt" count="4"/>
        <line num="23" type="stmt" count="4"/>
        <line num="24" type="stmt" count="4"/>
        <line num="25" type="stmt" count="4"/>
        <line num="26" type="stmt" count="4"/>
        <line num="27" type="stmt" count="4"/>
        <line num="28" type="stmt" count="4"/>
        <line num="29" type="stmt" count="4"/>
        <line num="30" type="stmt" count="4"/>
        <metrics loc="33" ncloc="30" classes="1" methods="2" coveredmethods="2" conditionals="0" coveredconditionals="0" statements="11" coveredstatements="11" elements="13" coveredelements="13"/>
      </file>
      <file name="/var/www/app/Http/Requests/Product/UpdateProductRequest.php">
        <class name="App\Http\Requests\Product\UpdateProductRequest" namespace="App\Http\Requests\Product">
          <metrics complexity="2" methods="2" coveredmethods="2" conditionals="0" coveredconditionals="0" statements="11" coveredstatements="11" elements="13" coveredelements="13"/>
        </class>
        <line num="11" type="method" name="authorize" visibility="public" complexity="1" crap="1" count="2"/>
        <line num="13" type="stmt" count="2"/>
        <line num="19" type="method" name="rules" visibility="public" complexity="1" crap="1" count="2"/>
        <line num="21" type="stmt" count="2"/>
        <line num="22" type="stmt" count="2"/>
        <line num="23" type="stmt" count="2"/>
        <line num="24" type="stmt" count="2"/>
        <line num="25" type="stmt" count="2"/>
        <line num="26" type="stmt" count="2"/>
        <line num="27" type="stmt" count="2"/>
        <line num="28" type="stmt" count="2"/>
        <line num="29" type="stmt" count="2"/>
        <line num="30" type="stmt" count="2"/>
        <metrics loc="33" ncloc="30" classes="1" methods="2" coveredmethods="2" conditionals="0" coveredconditionals="0" statements="11" coveredstatements="11" elements="13" coveredelements="13"/>
      </file>
    </package>
    <package name="App\Http\Requests\StockTransaction">
      <file name="/var/www/app/Http/Requests/StockTransaction/ListStockTransactionRequest.php">
        <class name="App\Http\Requests\StockTransaction\ListStockTransactionRequest" namespace="App\Http\Requests\StockTransaction">
          <metrics complexity="2" methods="2" coveredmethods="2" conditionals="0" coveredconditionals="0" statements="5" coveredstatements="5" elements="7" coveredelements="7"/>
        </class>
        <line num="11" type="method" name="authorize" visibility="public" complexity="1" crap="1" count="2"/>
        <line num="13" type="stmt" count="2"/>
        <line num="17" type="method" name="rules" visibility="public" complexity="1" crap="1" count="2"/>
        <line num="19" type="stmt" count="2"/>
        <line num="20" type="stmt" count="2"/>
        <line num="21" type="stmt" count="2"/>
        <line num="22" type="stmt" count="2"/>
        <metrics loc="25" ncloc="24" classes="1" methods="2" coveredmethods="2" conditionals="0" coveredconditionals="0" statements="5" coveredstatements="5" elements="7" coveredelements="7"/>
      </file>
      <file name="/var/www/app/Http/Requests/StockTransaction/StoreStockTransactionRequest.php">
        <class name="App\Http\Requests\StockTransaction\StoreStockTransactionRequest" namespace="App\Http\Requests\StockTransaction">
          <metrics complexity="2" methods="2" coveredmethods="2" conditionals="0" coveredconditionals="0" statements="8" coveredstatements="8" elements="10" coveredelements="10"/>
        </class>
        <line num="14" type="method" name="authorize" visibility="public" complexity="1" crap="1" count="8"/>
        <line num="16" type="stmt" count="8"/>
        <line num="22" type="method" name="rules" visibility="public" complexity="1" crap="1" count="8"/>
        <line num="24" type="stmt" count="8"/>
        <line num="25" type="stmt" count="8"/>
        <line num="26" type="stmt" count="8"/>
        <line num="27" type="stmt" count="8"/>
        <line num="28" type="stmt" count="8"/>
        <line num="29" type="stmt" count="8"/>
        <line num="30" type="stmt" count="8"/>
        <metrics loc="33" ncloc="30" classes="1" methods="2" coveredmethods="2" conditionals="0" coveredconditionals="0" statements="8" coveredstatements="8" elements="10" coveredelements="10"/>
      </file>
    </package>
    <package name="App\Http\Resources">
      <file name="/var/www/app/Http/Resources/AuditLogResource.php">
        <class name="App\Http\Resources\AuditLogResource" namespace="App\Http\Resources">
          <metrics complexity="1" methods="1" coveredmethods="1" conditionals="0" coveredconditionals="0" statements="11" coveredstatements="11" elements="12" coveredelements="12"/>
        </class>
        <line num="31" type="method" name="toArray" visibility="public" complexity="1" crap="1" count="4"/>
        <line num="33" type="stmt" count="4"/>
        <line num="34" type="stmt" count="4"/>
        <line num="35" type="stmt" count="4"/>
        <line num="36" type="stmt" count="4"/>
        <line num="37" type="stmt" count="4"/>
        <line num="38" type="stmt" count="4"/>
        <line num="39" type="stmt" count="4"/>
        <line num="40" type="stmt" count="4"/>
        <line num="41" type="stmt" count="4"/>
        <line num="42" type="stmt" count="4"/>
        <line num="43" type="stmt" count="4"/>
        <metrics loc="46" ncloc="30" classes="1" methods="1" coveredmethods="1" conditionals="0" coveredconditionals="0" statements="11" coveredstatements="11" elements="12" coveredelements="12"/>
      </file>
      <file name="/var/www/app/Http/Resources/CategoryResource.php">
        <class name="App\Http\Resources\CategoryResource" namespace="App\Http\Resources">
          <metrics complexity="1" methods="1" coveredmethods="1" conditionals="0" coveredconditionals="0" statements="9" coveredstatements="9" elements="10" coveredelements="10"/>
        </class>
        <line num="19" type="method" name="toArray" visibility="public" complexity="1" crap="1" count="11"/>
        <line num="21" type="stmt" count="11"/>
        <line num="22" type="stmt" count="11"/>
        <line num="23" type="stmt" count="11"/>
        <line num="24" type="stmt" count="11"/>
        <line num="25" type="stmt" count="11"/>
        <line num="26" type="stmt" count="11"/>
        <line num="27" type="stmt" count="11"/>
        <line num="28" type="stmt" count="11"/>
        <line num="29" type="stmt" count="11"/>
        <metrics loc="32" ncloc="26" classes="1" methods="1" coveredmethods="1" conditionals="0" coveredconditionals="0" statements="9" coveredstatements="9" elements="10" coveredelements="10"/>
      </file>
      <file name="/var/www/app/Http/Resources/ProductResource.php">
        <class name="App\Http\Resources\ProductResource" namespace="App\Http\Resources">
          <metrics complexity="1" methods="1" coveredmethods="1" conditionals="0" coveredconditionals="0" statements="14" coveredstatements="14" elements="15" coveredelements="15"/>
        </class>
        <line num="19" type="method" name="toArray" visibility="public" complexity="1" crap="1" count="19"/>
        <line num="21" type="stmt" count="19"/>
        <line num="22" type="stmt" count="19"/>
        <line num="23" type="stmt" count="19"/>
        <line num="24" type="stmt" count="19"/>
        <line num="25" type="stmt" count="19"/>
        <line num="26" type="stmt" count="19"/>
        <line num="27" type="stmt" count="19"/>
        <line num="28" type="stmt" count="19"/>
        <line num="29" type="stmt" count="19"/>
        <line num="30" type="stmt" count="19"/>
        <line num="31" type="stmt" count="19"/>
        <line num="32" type="stmt" count="19"/>
        <line num="33" type="stmt" count="19"/>
        <line num="34" type="stmt" count="19"/>
        <metrics loc="37" ncloc="31" classes="1" methods="1" coveredmethods="1" conditionals="0" coveredconditionals="0" statements="14" coveredstatements="14" elements="15" coveredelements="15"/>
      </file>
      <file name="/var/www/app/Http/Resources/StockTransactionResource.php">
        <class name="App\Http\Resources\StockTransactionResource" namespace="App\Http\Resources">
          <metrics complexity="1" methods="1" coveredmethods="1" conditionals="0" coveredconditionals="0" statements="12" coveredstatements="12" elements="13" coveredelements="13"/>
        </class>
        <line num="19" type="method" name="toArray" visibility="public" complexity="1" crap="1" count="9"/>
        <line num="21" type="stmt" count="9"/>
        <line num="22" type="stmt" count="9"/>
        <line num="23" type="stmt" count="9"/>
        <line num="24" type="stmt" count="9"/>
        <line num="25" type="stmt" count="9"/>
        <line num="26" type="stmt" count="9"/>
        <line num="27" type="stmt" count="9"/>
        <line num="28" type="stmt" count="9"/>
        <line num="29" type="stmt" count="9"/>
        <line num="30" type="stmt" count="9"/>
        <line num="31" type="stmt" count="9"/>
        <line num="32" type="stmt" count="9"/>
        <metrics loc="35" ncloc="29" classes="1" methods="1" coveredmethods="1" conditionals="0" coveredconditionals="0" statements="12" coveredstatements="12" elements="13" coveredelements="13"/>
      </file>
      <file name="/var/www/app/Http/Resources/UserResource.php">
        <class name="App\Http\Resources\UserResource" namespace="App\Http\Resources">
          <metrics complexity="1" methods="1" coveredmethods="1" conditionals="0" coveredconditionals="0" statements="7" coveredstatements="7" elements="8" coveredelements="8"/>
        </class>
        <line num="25" type="method" name="toArray" visibility="public" complexity="1" crap="1" count="13"/>
        <line num="27" type="stmt" count="13"/>
        <line num="28" type="stmt" count="13"/>
        <line num="29" type="stmt" count="13"/>
        <line num="30" type="stmt" count="13"/>
        <line num="31" type="stmt" count="13"/>
        <line num="32" type="stmt" count="13"/>
        <line num="33" type="stmt" count="13"/>
        <metrics loc="36" ncloc="25" classes="1" methods="1" coveredmethods="1" conditionals="0" coveredconditionals="0" statements="7" coveredstatements="7" elements="8" coveredelements="8"/>
      </file>
    </package>
    <package name="App\Listeners">
      <file name="/var/www/app/Listeners/AuditStockListener.php">
        <class name="App\Listeners\AuditStockListener" namespace="App\Listeners">
          <metrics complexity="1" methods="1" coveredmethods="1" conditionals="0" coveredconditionals="0" statements="11" coveredstatements="11" elements="12" coveredelements="12"/>
        </class>
        <line num="12" type="method" name="handle" visibility="public" complexity="1" crap="1" count="6"/>
        <line num="14" type="stmt" count="6"/>
        <line num="16" type="stmt" count="6"/>
        <line num="17" type="stmt" count="6"/>
        <line num="18" type="stmt" count="6"/>
        <line num="19" type="stmt" count="6"/>
        <line num="20" type="stmt" count="6"/>
        <line num="21" type="stmt" count="6"/>
        <line num="22" type="stmt" count="6"/>
        <line num="23" type="stmt" count="6"/>
        <line num="24" type="stmt" count="6"/>
        <line num="25" type="stmt" count="6"/>
        <metrics loc="28" ncloc="28" classes="1" methods="1" coveredmethods="1" conditionals="0" coveredconditionals="0" statements="11" coveredstatements="11" elements="12" coveredelements="12"/>
      </file>
      <file name="/var/www/app/Listeners/NotifyLowStockListener.php">
        <class name="App\Listeners\NotifyLowStockListener" namespace="App\Listeners">
          <metrics complexity="1" methods="1" coveredmethods="1" conditionals="0" coveredconditionals="0" statements="7" coveredstatements="7" elements="8" coveredelements="8"/>
        </class>
        <line num="12" type="method" name="handle" visibility="public" complexity="1" crap="1" count="1"/>
        <line num="17" type="stmt" count="1"/>
        <line num="18" type="stmt" count="1"/>
        <line num="19" type="stmt" count="1"/>
        <line num="20" type="stmt" count="1"/>
        <line num="21" type="stmt" count="1"/>
        <line num="22" type="stmt" count="1"/>
        <line num="23" type="stmt" count="1"/>
        <metrics loc="26" ncloc="23" classes="1" methods="1" coveredmethods="1" conditionals="0" coveredconditionals="0" statements="7" coveredstatements="7" elements="8" coveredelements="8"/>
      </file>
    </package>
    <package name="App\Models">
      <file name="/var/www/app/Models/Category.php">
        <class name="App\Models\Category" namespace="App\Models">
          <metrics complexity="2" methods="2" coveredmethods="2" conditionals="0" coveredconditionals="0" statements="7" coveredstatements="7" elements="9" coveredelements="9"/>
        </class>
        <line num="29" type="method" name="casts" visibility="protected" complexity="1" crap="1" count="72"/>
        <line num="31" type="stmt" count="72"/>
        <line num="32" type="stmt" count="72"/>
        <line num="33" type="stmt" count="72"/>
        <line num="36" type="method" name="getActivitylogOptions" visibility="public" complexity="1" crap="1" count="68"/>
        <line num="38" type="stmt" count="68"/>
        <line num="39" type="stmt" count="68"/>
        <line num="40" type="stmt" count="68"/>
        <line num="41" type="stmt" count="68"/>
        <metrics loc="44" ncloc="40" classes="1" methods="2" coveredmethods="2" conditionals="0" coveredconditionals="0" statements="7" coveredstatements="7" elements="9" coveredelements="9"/>
      </file>
      <file name="/var/www/app/Models/Product.php">
        <class name="App\Models\Product" namespace="App\Models">
          <metrics complexity="4" methods="4" coveredmethods="4" conditionals="0" coveredconditionals="0" statements="12" coveredstatements="12" elements="16" coveredelements="16"/>
        </class>
        <line num="34" type="method" name="casts" visibility="protected" complexity="1" crap="1" count="49"/>
        <line num="36" type="stmt" count="49"/>
        <line num="37" type="stmt" count="49"/>
        <line num="38" type="stmt" count="49"/>
        <line num="39" type="stmt" count="49"/>
        <line num="40" type="stmt" count="49"/>
        <line num="41" type="stmt" count="49"/>
        <line num="44" type="method" name="getActivitylogOptions" visibility="public" complexity="1" crap="1" count="36"/>
        <line num="46" type="stmt" count="36"/>
        <line num="47" type="stmt" count="36"/>
        <line num="48" type="stmt" count="36"/>
        <line num="49" type="stmt" count="36"/>
        <line num="53" type="method" name="category" visibility="public" complexity="1" crap="1" count="8"/>
        <line num="55" type="stmt" count="8"/>
        <line num="58" type="method" name="isLowStock" visibility="public" complexity="1" crap="1" count="24"/>
        <line num="60" type="stmt" count="24"/>
        <metrics loc="63" ncloc="58" classes="1" methods="4" coveredmethods="4" conditionals="0" coveredconditionals="0" statements="12" coveredstatements="12" elements="16" coveredelements="16"/>
      </file>
      <file name="/var/www/app/Models/StockTransaction.php">
        <class name="App\Models\StockTransaction" namespace="App\Models">
          <metrics complexity="4" methods="4" coveredmethods="4" conditionals="0" coveredconditionals="0" statements="12" coveredstatements="12" elements="16" coveredelements="16"/>
        </class>
        <line num="46" type="method" name="casts" visibility="protected" complexity="1" crap="1" count="19"/>
        <line num="48" type="stmt" count="19"/>
        <line num="49" type="stmt" count="19"/>
        <line num="50" type="stmt" count="19"/>
        <line num="51" type="stmt" count="19"/>
        <line num="52" type="stmt" count="19"/>
        <line num="53" type="stmt" count="19"/>
        <line num="54" type="stmt" count="19"/>
        <line num="57" type="method" name="getActivitylogOptions" visibility="public" complexity="1" crap="1" count="10"/>
        <line num="59" type="stmt" count="10"/>
        <line num="60" type="stmt" count="10"/>
        <line num="61" type="stmt" count="10"/>
        <line num="65" type="method" name="product" visibility="public" complexity="1" crap="1" count="12"/>
        <line num="67" type="stmt" count="12"/>
        <line num="71" type="method" name="user" visibility="public" complexity="1" crap="1" count="12"/>
        <line num="73" type="stmt" count="12"/>
        <metrics loc="76" ncloc="59" classes="1" methods="4" coveredmethods="4" conditionals="0" coveredconditionals="0" statements="12" coveredstatements="12" elements="16" coveredelements="16"/>
      </file>
      <file name="/var/www/app/Models/User.php">
        <class name="App\Models\User" namespace="App\Models">
          <metrics complexity="1" methods="1" coveredmethods="1" conditionals="0" coveredconditionals="0" statements="4" coveredstatements="4" elements="5" coveredelements="5"/>
        </class>
        <line num="26" type="method" name="casts" visibility="protected" complexity="1" crap="1" count="67"/>
        <line num="28" type="stmt" count="67"/>
        <line num="29" type="stmt" count="67"/>
        <line num="30" type="stmt" count="67"/>
        <line num="31" type="stmt" count="67"/>
        <metrics loc="34" ncloc="30" classes="1" methods="1" coveredmethods="1" conditionals="0" coveredconditionals="0" statements="4" coveredstatements="4" elements="5" coveredelements="5"/>
      </file>
    </package>
    <package name="App\Providers">
      <file name="/var/www/app/Providers/AppServiceProvider.php">
        <class name="App\Providers\AppServiceProvider" namespace="App\Providers">
          <metrics complexity="3" methods="2" coveredmethods="1" conditionals="0" coveredconditionals="0" statements="6" coveredstatements="5" elements="8" coveredelements="6"/>
        </class>
        <line num="18" type="method" name="register" visibility="public" complexity="1" crap="1" count="103"/>
        <line num="21" type="stmt" count="103"/>
        <line num="23" type="method" name="boot" visibility="public" complexity="2" crap="2.03" count="103"/>
        <line num="27" type="stmt" count="103"/>
        <line num="28" type="stmt" count="0"/>
        <line num="31" type="stmt" count="103"/>
        <line num="33" type="stmt" count="103"/>
        <line num="34" type="stmt" count="103"/>
        <metrics loc="37" ncloc="34" classes="1" methods="2" coveredmethods="1" conditionals="0" coveredconditionals="0" statements="6" coveredstatements="5" elements="8" coveredelements="6"/>
      </file>
      <file name="/var/www/app/Providers/RepositoryServiceProvider.php">
        <class name="App\Providers\RepositoryServiceProvider" namespace="App\Providers">
          <metrics complexity="1" methods="1" coveredmethods="1" conditionals="0" coveredconditionals="0" statements="3" coveredstatements="3" elements="4" coveredelements="4"/>
        </class>
        <line num="17" type="method" name="register" visibility="public" complexity="1" crap="1" count="103"/>
        <line num="19" type="stmt" count="103"/>
        <line num="20" type="stmt" count="103"/>
        <line num="21" type="stmt" count="103"/>
        <metrics loc="24" ncloc="24" classes="1" methods="1" coveredmethods="1" conditionals="0" coveredconditionals="0" statements="3" coveredstatements="3" elements="4" coveredelements="4"/>
      </file>
    </package>
    <package name="App\Repositories\Eloquent">
      <file name="/var/www/app/Repositories/Eloquent/BaseRepository.php">
        <class name="App\Repositories\Eloquent\BaseRepository" namespace="App\Repositories\Eloquent">
          <metrics complexity="8" methods="7" coveredmethods="7" conditionals="0" coveredconditionals="0" statements="13" coveredstatements="13" elements="20" coveredelements="20"/>
        </class>
        <line num="15" type="method" name="__construct" visibility="public" complexity="1" crap="1" count="60"/>
        <line num="18" type="method" name="all" visibility="public" complexity="1" crap="1" count="1"/>
        <line num="20" type="stmt" count="1"/>
        <line num="24" type="method" name="paginate" visibility="public" complexity="1" crap="1" count="1"/>
        <line num="26" type="stmt" count="1"/>
        <line num="29" type="method" name="findById" visibility="public" complexity="2" crap="2" count="14"/>
        <line num="31" type="stmt" count="14"/>
        <line num="33" type="stmt" count="14"/>
        <line num="34" type="stmt" count="4"/>
        <line num="37" type="stmt" count="10"/>
        <line num="41" type="method" name="create" visibility="public" complexity="1" crap="1" count="13"/>
        <line num="43" type="stmt" count="13"/>
        <line num="47" type="method" name="update" visibility="public" complexity="1" crap="1" count="4"/>
        <line num="49" type="stmt" count="4"/>
        <line num="50" type="stmt" count="4"/>
        <line num="52" type="stmt" count="4"/>
        <line num="55" type="method" name="delete" visibility="public" complexity="1" crap="1" count="4"/>
        <line num="57" type="stmt" count="4"/>
        <line num="59" type="stmt" count="3"/>
        <metrics loc="62" ncloc="58" classes="1" methods="7" coveredmethods="7" conditionals="0" coveredconditionals="0" statements="13" coveredstatements="13" elements="20" coveredelements="20"/>
      </file>
      <file name="/var/www/app/Repositories/Eloquent/CategoryRepository.php">
        <class name="App\Repositories\Eloquent\CategoryRepository" namespace="App\Repositories\Eloquent">
          <metrics complexity="5" methods="4" coveredmethods="4" conditionals="0" coveredconditionals="0" statements="13" coveredstatements="13" elements="17" coveredelements="17"/>
        </class>
        <line num="14" type="method" name="__construct" visibility="public" complexity="1" crap="1" count="14"/>
        <line num="16" type="stmt" count="14"/>
        <line num="23" type="method" name="paginateWithFilters" visibility="public" complexity="1" crap="1" count="3"/>
        <line num="25" type="stmt" count="3"/>
        <line num="26" type="stmt" count="3"/>
        <line num="27" type="stmt" count="3"/>
        <line num="28" type="stmt" count="3"/>
        <line num="32" type="method" name="paginateActive" visibility="public" complexity="1" crap="1" count="1"/>
        <line num="34" type="stmt" count="1"/>
        <line num="35" type="stmt" count="1"/>
        <line num="36" type="stmt" count="1"/>
        <line num="37" type="stmt" count="1"/>
        <line num="40" type="method" name="findBySlug" visibility="public" complexity="2" crap="2" count="2"/>
        <line num="42" type="stmt" count="2"/>
        <line num="44" type="stmt" count="2"/>
        <line num="45" type="stmt" count="1"/>
        <line num="48" type="stmt" count="1"/>
        <metrics loc="51" ncloc="46" classes="1" methods="4" coveredmethods="4" conditionals="0" coveredconditionals="0" statements="13" coveredstatements="13" elements="17" coveredelements="17"/>
      </file>
      <file name="/var/www/app/Repositories/Eloquent/ProductRepository.php">
        <class name="App\Repositories\Eloquent\ProductRepository" namespace="App\Repositories\Eloquent">
          <metrics complexity="8" methods="6" coveredmethods="6" conditionals="0" coveredconditionals="0" statements="29" coveredstatements="29" elements="35" coveredelements="35"/>
        </class>
        <line num="15" type="method" name="__construct" visibility="public" complexity="1" crap="1" count="38"/>
        <line num="17" type="stmt" count="38"/>
        <line num="21" type="method" name="paginateByCategory" visibility="public" complexity="1" crap="1" count="1"/>
        <line num="23" type="stmt" count="1"/>
        <line num="24" type="stmt" count="1"/>
        <line num="25" type="stmt" count="1"/>
        <line num="26" type="stmt" count="1"/>
        <line num="27" type="stmt" count="1"/>
        <line num="31" type="method" name="findLowStock" visibility="public" complexity="1" crap="1" count="2"/>
        <line num="33" type="stmt" count="2"/>
        <line num="34" type="stmt" count="2"/>
        <line num="35" type="stmt" count="2"/>
        <line num="36" type="stmt" count="2"/>
        <line num="37" type="stmt" count="2"/>
        <line num="40" type="method" name="findBySku" visibility="public" complexity="2" crap="2" count="2"/>
        <line num="42" type="stmt" count="2"/>
        <line num="44" type="stmt" count="2"/>
        <line num="45" type="stmt" count="1"/>
        <line num="48" type="stmt" count="1"/>
        <line num="51" type="method" name="findByIdWithLock" visibility="public" complexity="2" crap="2" count="13"/>
        <line num="53" type="stmt" count="13"/>
        <line num="55" type="stmt" count="13"/>
        <line num="56" type="stmt" count="1"/>
        <line num="59" type="stmt" count="12"/>
        <line num="66" type="method" name="paginateWithFilters" visibility="public" complexity="1" crap="1" count="4"/>
        <line num="68" type="stmt" count="4"/>
        <line num="69" type="stmt" count="4"/>
        <line num="70" type="stmt" count="4"/>
        <line num="71" type="stmt" count="1"/>
        <line num="72" type="stmt" count="1"/>
        <line num="73" type="stmt" count="4"/>
        <line num="74" type="stmt" count="4"/>
        <line num="75" type="stmt" count="4"/>
        <line num="76" type="stmt" count="4"/>
        <line num="77" type="stmt" count="4"/>
        <metrics loc="80" ncloc="74" classes="1" methods="6" coveredmethods="6" conditionals="0" coveredconditionals="0" statements="29" coveredstatements="29" elements="35" coveredelements="35"/>
      </file>
      <file name="/var/www/app/Repositories/Eloquent/StockTransactionRepository.php">
        <class name="App\Repositories\Eloquent\StockTransactionRepository" namespace="App\Repositories\Eloquent">
          <metrics complexity="2" methods="2" coveredmethods="2" conditionals="0" coveredconditionals="0" statements="6" coveredstatements="6" elements="8" coveredelements="8"/>
        </class>
        <line num="13" type="method" name="__construct" visibility="public" complexity="1" crap="1" count="17"/>
        <line num="15" type="stmt" count="17"/>
        <line num="19" type="method" name="paginateByProduct" visibility="public" complexity="1" crap="1" count="3"/>
        <line num="21" type="stmt" count="3"/>
        <line num="22" type="stmt" count="3"/>
        <line num="23" type="stmt" count="3"/>
        <line num="24" type="stmt" count="3"/>
        <line num="25" type="stmt" count="3"/>
        <metrics loc="28" ncloc="27" classes="1" methods="2" coveredmethods="2" conditionals="0" coveredconditionals="0" statements="6" coveredstatements="6" elements="8" coveredelements="8"/>
      </file>
    </package>
    <file name="/var/www/app/Repositories/Interfaces/BaseRepositoryInterface.php">
      <metrics loc="29" ncloc="25" classes="0" methods="0" coveredmethods="0" conditionals="0" coveredconditionals="0" statements="0" coveredstatements="0" elements="0" coveredelements="0"/>
    </file>
    <file name="/var/www/app/Repositories/Interfaces/CategoryRepositoryInterface.php">
      <metrics loc="23" ncloc="18" classes="0" methods="0" coveredmethods="0" conditionals="0" coveredconditionals="0" statements="0" coveredstatements="0" elements="0" coveredelements="0"/>
    </file>
    <file name="/var/www/app/Repositories/Interfaces/ProductRepositoryInterface.php">
      <metrics loc="29" ncloc="23" classes="0" methods="0" coveredmethods="0" conditionals="0" coveredconditionals="0" statements="0" coveredstatements="0" elements="0" coveredelements="0"/>
    </file>
    <file name="/var/www/app/Repositories/Interfaces/StockTransactionRepositoryInterface.php">
      <metrics loc="15" ncloc="14" classes="0" methods="0" coveredmethods="0" conditionals="0" coveredconditionals="0" statements="0" coveredstatements="0" elements="0" coveredelements="0"/>
    </file>
    <package name="App\Services">
      <file name="/var/www/app/Services/AuditLogService.php">
        <class name="App\Services\AuditLogService" namespace="App\Services">
          <metrics complexity="4" methods="1" coveredmethods="1" conditionals="0" coveredconditionals="0" statements="8" coveredstatements="8" elements="9" coveredelements="9"/>
        </class>
        <line num="16" type="method" name="paginate" visibility="public" complexity="4" crap="4" count="9"/>
        <line num="18" type="stmt" count="9"/>
        <line num="20" type="stmt" count="9"/>
        <line num="21" type="stmt" count="4"/>
        <line num="24" type="stmt" count="9"/>
        <line num="25" type="stmt" count="2"/>
        <line num="28" type="stmt" count="9"/>
        <line num="29" type="stmt" count="1"/>
        <line num="32" type="stmt" count="9"/>
        <metrics loc="35" ncloc="31" classes="1" methods="1" coveredmethods="1" conditionals="0" coveredconditionals="0" statements="8" coveredstatements="8" elements="9" coveredelements="9"/>
      </file>
      <file name="/var/www/app/Services/AuthService.php">
        <class name="App\Services\AuthService" namespace="App\Services">
          <metrics complexity="4" methods="3" coveredmethods="3" conditionals="0" coveredconditionals="0" statements="15" coveredstatements="15" elements="18" coveredelements="18"/>
        </class>
        <line num="15" type="method" name="register" visibility="public" complexity="1" crap="1" count="2"/>
        <line num="17" type="stmt" count="2"/>
        <line num="18" type="stmt" count="2"/>
        <line num="19" type="stmt" count="2"/>
        <line num="20" type="stmt" count="2"/>
        <line num="21" type="stmt" count="2"/>
        <line num="23" type="stmt" count="2"/>
        <line num="25" type="stmt" count="2"/>
        <line num="27" type="stmt" count="2"/>
        <line num="31" type="method" name="login" visibility="public" complexity="2" crap="2" count="2"/>
        <line num="33" type="stmt" count="2"/>
        <line num="34" type="stmt" count="1"/>
        <line num="38" type="stmt" count="1"/>
        <line num="39" type="stmt" count="1"/>
        <line num="40" type="stmt" count="1"/>
        <line num="42" type="stmt" count="1"/>
        <line num="45" type="method" name="logout" visibility="public" complexity="1" crap="1" count="1"/>
        <line num="47" type="stmt" count="1"/>
        <metrics loc="50" ncloc="47" classes="1" methods="3" coveredmethods="3" conditionals="0" coveredconditionals="0" statements="15" coveredstatements="15" elements="18" coveredelements="18"/>
      </file>
      <file name="/var/www/app/Services/CategoryService.php">
        <class name="App\Services\CategoryService" namespace="App\Services">
          <metrics complexity="7" methods="6" coveredmethods="6" conditionals="0" coveredconditionals="0" statements="9" coveredstatements="9" elements="15" coveredelements="15"/>
        </class>
        <line num="14" type="method" name="__construct" visibility="public" complexity="1" crap="1" count="11"/>
        <line num="16" type="stmt" count="11"/>
        <line num="22" type="method" name="list" visibility="public" complexity="1" crap="1" count="3"/>
        <line num="24" type="stmt" count="3"/>
        <line num="27" type="method" name="findById" visibility="public" complexity="1" crap="1" count="2"/>
        <line num="30" type="stmt" count="2"/>
        <line num="34" type="method" name="create" visibility="public" complexity="1" crap="1" count="1"/>
        <line num="36" type="stmt" count="1"/>
        <line num="39" type="stmt" count="1"/>
        <line num="43" type="method" name="update" visibility="public" complexity="2" crap="2" count="1"/>
        <line num="45" type="stmt" count="1"/>
        <line num="46" type="stmt" count="1"/>
        <line num="50" type="stmt" count="1"/>
        <line num="53" type="method" name="delete" visibility="public" complexity="1" crap="1" count="2"/>
        <line num="55" type="stmt" count="2"/>
        <metrics loc="58" ncloc="49" classes="1" methods="6" coveredmethods="6" conditionals="0" coveredconditionals="0" statements="9" coveredstatements="9" elements="15" coveredelements="15"/>
      </file>
      <file name="/var/www/app/Services/DeviceDataService.php">
        <class name="App\Services\DeviceDataService" namespace="App\Services">
          <metrics complexity="3" methods="3" coveredmethods="3" conditionals="0" coveredconditionals="0" statements="18" coveredstatements="18" elements="21" coveredelements="21"/>
        </class>
        <line num="15" type="method" name="__construct" visibility="public" complexity="1" crap="1" count="8"/>
        <line num="17" type="stmt" count="8"/>
        <line num="22" type="method" name="process" visibility="public" complexity="1" crap="1" count="6"/>
        <line num="24" type="stmt" count="6"/>
        <line num="25" type="stmt" count="6"/>
        <line num="26" type="stmt" count="6"/>
        <line num="27" type="stmt" count="6"/>
        <line num="28" type="stmt" count="6"/>
        <line num="29" type="stmt" count="6"/>
        <line num="30" type="stmt" count="6"/>
        <line num="31" type="stmt" count="6"/>
        <line num="32" type="stmt" count="6"/>
        <line num="33" type="stmt" count="6"/>
        <line num="36" type="method" name="resolveSystemUser" visibility="private" complexity="1" crap="1" count="6"/>
        <line num="38" type="stmt" count="6"/>
        <line num="39" type="stmt" count="6"/>
        <line num="40" type="stmt" count="6"/>
        <line num="41" type="stmt" count="6"/>
        <line num="42" type="stmt" count="6"/>
        <line num="43" type="stmt" count="6"/>
        <line num="44" type="stmt" count="6"/>
        <metrics loc="47" ncloc="44" classes="1" methods="3" coveredmethods="3" conditionals="0" coveredconditionals="0" statements="18" coveredstatements="18" elements="21" coveredelements="21"/>
      </file>
      <file name="/var/www/app/Services/ProductService.php">
        <class name="App\Services\ProductService" namespace="App\Services">
          <metrics complexity="9" methods="7" coveredmethods="7" conditionals="0" coveredconditionals="0" statements="13" coveredstatements="13" elements="20" coveredelements="20"/>
        </class>
        <line num="15" type="method" name="__construct" visibility="public" complexity="1" crap="1" count="15"/>
        <line num="17" type="stmt" count="15"/>
        <line num="23" type="method" name="list" visibility="public" complexity="1" crap="1" count="4"/>
        <line num="25" type="stmt" count="4"/>
        <line num="28" type="method" name="findById" visibility="public" complexity="1" crap="1" count="2"/>
        <line num="31" type="stmt" count="2"/>
        <line num="35" type="method" name="getLowStock" visibility="public" complexity="1" crap="1" count="1"/>
        <line num="37" type="stmt" count="1"/>
        <line num="41" type="method" name="create" visibility="public" complexity="2" crap="2" count="2"/>
        <line num="44" type="stmt" count="2"/>
        <line num="46" type="stmt" count="2"/>
        <line num="47" type="stmt" count="1"/>
        <line num="50" type="stmt" count="2"/>
        <line num="54" type="method" name="update" visibility="public" complexity="2" crap="2" count="2"/>
        <line num="57" type="stmt" count="2"/>
        <line num="59" type="stmt" count="2"/>
        <line num="60" type="stmt" count="1"/>
        <line num="63" type="stmt" count="2"/>
        <line num="66" type="method" name="delete" visibility="public" complexity="1" crap="1" count="1"/>
        <line num="68" type="stmt" count="1"/>
        <metrics loc="71" ncloc="61" classes="1" methods="7" coveredmethods="7" conditionals="0" coveredconditionals="0" statements="13" coveredstatements="13" elements="20" coveredelements="20"/>
      </file>
      <file name="/var/www/app/Services/StockTransactionService.php">
        <class name="App\Services\StockTransactionService" namespace="App\Services">
          <metrics complexity="9" methods="4" coveredmethods="4" conditionals="0" coveredconditionals="0" statements="35" coveredstatements="35" elements="39" coveredelements="39"/>
        </class>
        <line num="21" type="method" name="__construct" visibility="public" complexity="1" crap="1" count="17"/>
        <line num="24" type="stmt" count="17"/>
        <line num="27" type="method" name="listByProduct" visibility="public" complexity="1" crap="1" count="2"/>
        <line num="29" type="stmt" count="2"/>
        <line num="35" type="method" name="record" visibility="public" complexity="5" crap="5" count="11"/>
        <line num="37" type="stmt" count="11"/>
        <line num="38" type="stmt" count="11"/>
        <line num="41" type="stmt" count="11"/>
        <line num="44" type="stmt" count="11"/>
        <line num="45" type="stmt" count="11"/>
        <line num="47" type="stmt" count="10"/>
        <line num="48" type="stmt" count="11"/>
        <line num="49" type="stmt" count="8"/>
        <line num="50" type="stmt" count="1"/>
        <line num="51" type="stmt" count="10"/>
        <line num="54" type="stmt" count="10"/>
        <line num="55" type="stmt" count="10"/>
        <line num="56" type="stmt" count="10"/>
        <line num="57" type="stmt" count="10"/>
        <line num="58" type="stmt" count="10"/>
        <line num="59" type="stmt" count="10"/>
        <line num="60" type="stmt" count="10"/>
        <line num="61" type="stmt" count="10"/>
        <line num="62" type="stmt" count="10"/>
        <line num="63" type="stmt" count="10"/>
        <line num="65" type="stmt" count="9"/>
        <line num="67" type="stmt" count="9"/>
        <line num="68" type="stmt" count="11"/>
        <line num="70" type="stmt" count="9"/>
        <line num="72" type="stmt" count="9"/>
        <line num="74" type="stmt" count="9"/>
        <line num="75" type="stmt" count="1"/>
        <line num="78" type="stmt" count="9"/>
        <line num="81" type="method" name="calculateStockOut" visibility="private" complexity="2" crap="2" count="7"/>
        <line num="83" type="stmt" count="7"/>
        <line num="84" type="stmt" count="1"/>
        <line num="85" type="stmt" count="1"/>
        <line num="86" type="stmt" count="1"/>
        <line num="89" type="stmt" count="6"/>
        <metrics loc="92" ncloc="84" classes="1" methods="4" coveredmethods="4" conditionals="0" coveredconditionals="0" statements="35" coveredstatements="35" elements="39" coveredelements="39"/>
      </file>
    </package>
    <metrics files="57" loc="2534" ncloc="2347" classes="47" methods="119" coveredmethods="118" conditionals="0" coveredconditionals="0" statements="448" coveredstatements="447" elements="567" coveredelements="565"/>
  </project>
</coverage>
